[kingstudio.ro/demos/mr/index.html]
[kingstudio.ro/demos/mr/images/favicon.png]
[backblue.gif]
[fade.gif]
[index.html]
[kingstudio.ro/demos/mr/css/bootstrap.min.css]
[kingstudio.ro/demos/mr/css/style.css]
[kingstudio.ro/demos/mr/css/animate.css]
[kingstudio.ro/demos/mr/css/magnific-popup.css]
[kingstudio.ro/demos/mr/css/bootstrap-datetimepicker.css]
[kingstudio.ro/demos/mr/css/font-awesome.min.css]
[kingstudio.ro/demos/mr/fonts/FontAwesome.otf]
[kingstudio.ro/demos/mr/images/logo-inline.png]
[kingstudio.ro/demos/mr/images/logo-collapsed.png]
[kingstudio.ro/demos/mr/images/slide-img1.png]
[kingstudio.ro/demos/mr/images/slide-img2.png]
[kingstudio.ro/demos/mr/images/slide-img3.png]
[kingstudio.ro/demos/mr/images/about-img.jpg]
[kingstudio.ro/demos/mr/images/about-img1.jpg]
[kingstudio.ro/demos/mr/images/about-img2.jpg]
[kingstudio.ro/demos/mr/images/about-img3.jpg]
[kingstudio.ro/demos/mr/images/menu.png]
[kingstudio.ro/demos/mr/menu.html]
[kingstudio.ro/demos/mr/images/gallery-img1.jpg]
[kingstudio.ro/demos/mr/images/gallery-img2.jpg]
[kingstudio.ro/demos/mr/images/gallery-img3.jpg]
[kingstudio.ro/demos/mr/images/gallery-img4.jpg]
[kingstudio.ro/demos/mr/images/gallery-img5.jpg]
[kingstudio.ro/demos/mr/images/gallery-img6.jpg]
[kingstudio.ro/demos/mr/images/gallery-img7.jpg]
[kingstudio.ro/demos/mr/images/gallery-img8.jpg]
[kingstudio.ro/demos/mr/images/reservations.png]
[kingstudio.ro/demos/mr/images/testimonial1.jpg]
[kingstudio.ro/demos/mr/images/testimonial2.jpg]
[kingstudio.ro/demos/mr/images/testimonial3.jpg]
[kingstudio.ro/demos/mr/js/jquery.min.js]
[kingstudio.ro/demos/mr/js/bootstrap.min.js]
[kingstudio.ro/demos/mr/js/jquery.easing.min.js]
[kingstudio.ro/demos/mr/js/scrolling-nav-sticky.js]
[kingstudio.ro/demos/mr/js/preloader.js]
[kingstudio.ro/demos/mr/js/wow.min.js]
[kingstudio.ro/demos/mr/js/custom.js]
[kingstudio.ro/demos/mr/js/jquery.shuffle.min.js]
[kingstudio.ro/demos/mr/js/jquery.magnific-popup.min.js]
[kingstudio.ro/demos/mr/js/moment.min.js]
[kingstudio.ro/demos/mr/js/bootstrap-datetimepicker.js]
[kingstudio.ro/demos/mr/js/validator.min.js]
[kingstudio.ro/demos/mr/js/form-scripts.js]
[kingstudio.ro/demos/mr/js/map.js]
[kingstudio.ro/demos/mr/index.html]
[kingstudio.ro/demos/mr/js/hide-nav.js]
[kingstudio.ro/demos/mr/fonts/glyphicons-halflings-regular.2f.delayed]
[kingstudio.ro/demos/mr/fonts/glyphicons-halflings-regular.30d41d.delayed]
[kingstudio.ro/demos/mr/fonts/glyphicons-halflings-regular.31.delayed]
[kingstudio.ro/demos/mr/fonts/glyphicons-halflings-regular.32.delayed]
[kingstudio.ro/demos/mr/fonts/glyphicons-halflings-regular.33.delayed]
[kingstudio.ro/demos/mr/fonts/glyphicons-halflings-regular.34.delayed]
[kingstudio.ro/demos/mr/css/bootstrap.min.css]
[kingstudio.ro/demos/mr/images/slide1.jpg]
[kingstudio.ro/demos/mr/images/slide2.jpg]
[kingstudio.ro/demos/mr/images/slide3.jpg]
[kingstudio.ro/demos/mr/images/ff-header.jpg]
[kingstudio.ro/demos/mr/images/bar-header.jpg]
[kingstudio.ro/demos/mr/images/bar-header2.jpg]
[kingstudio.ro/demos/mr/images/opening.jpg]
[kingstudio.ro/demos/mr/images/testimonials-bg.jpg]
[kingstudio.ro/demos/mr/css/style.css]
[kingstudio.ro/demos/mr/css/animate.css]
[kingstudio.ro/demos/mr/css/magnific-popup.css]
[kingstudio.ro/demos/mr/css/bootstrap-datetimepicker.css]
[kingstudio.ro/demos/mr/fonts/fontawesome-webfontd41d.eot]
[kingstudio.ro/demos/mr/fonts/fontawesome-webfont3e6e.eot]
[kingstudio.ro/demos/mr/fonts/fontawesome-webfont3e6e.woff2]
[kingstudio.ro/demos/mr/fonts/fontawesome-webfont3e6e.woff]
[kingstudio.ro/demos/mr/fonts/fontawesome-webfont3e6e.ttf]
[kingstudio.ro/demos/mr/css/font-awesome.min.css]
[kingstudio.ro/demos/mr/fonts/fontawesome-webfont3e6e.svg]
[kingstudio.ro/demos/mr/index2.html]
[kingstudio.ro/demos/mr/about.html]
[kingstudio.ro/demos/mr/gallery.html]
[kingstudio.ro/demos/mr/reservations.html]
[kingstudio.ro/demos/mr/contact.html]
[kingstudio.ro/demos/mr/images/starter-food.jpg]
[kingstudio.ro/demos/mr/images/main-food.jpg]
[kingstudio.ro/demos/mr/images/deserts-food.jpg]
[kingstudio.ro/demos/mr/images/coffee-menu.jpg]
[kingstudio.ro/demos/mr/images/drinks-menu.jpg]
[kingstudio.ro/demos/mr/menu.html]
[kingstudio.ro/demos/mr/fonts/glyphicons-halflings-regular.html]
[kingstudio.ro/demos/mr/fonts/glyphicons-halflings-regulard41d.html]
[kingstudio.ro/demos/mr/fonts/glyphicons-halflings-regular-2.html]
[kingstudio.ro/demos/mr/fonts/glyphicons-halflings-regular-3.html]
[kingstudio.ro/demos/mr/fonts/glyphicons-halflings-regular-4.html]
[kingstudio.ro/demos/mr/fonts/glyphicons-halflings-regular-5.html]
[kingstudio.ro/demos/mr/fonts/fontawesome-webfont3e6e.svg]
[kingstudio.ro/demos/mr/index2.html]
[kingstudio.ro/demos/mr/about.html]
[kingstudio.ro/demos/mr/images/gallery-img9.jpg]
[kingstudio.ro/demos/mr/images/gallery-img10.jpg]
[kingstudio.ro/demos/mr/images/gallery-img11.jpg]
[kingstudio.ro/demos/mr/images/gallery-img12.jpg]
[kingstudio.ro/demos/mr/gallery.html]
[kingstudio.ro/demos/mr/reservations.html]
[kingstudio.ro/demos/mr/contact.html]
